<?xml version="1.0" encoding="UTF-8"?>
<testng-results ignored="0" total="2" passed="2" failed="0" skipped="0">
  <reporter-output>
  </reporter-output>
  <suite started-at="2022-07-18T10:43:23 CDT" name="Default suite" finished-at="2022-07-18T10:43:26 CDT" duration-ms="3678">
    <groups>
    </groups>
    <test started-at="2022-07-18T10:43:23 CDT" name="Default test" finished-at="2022-07-18T10:43:26 CDT" duration-ms="3678">
      <class name="ApiAutomation">
        <test-method signature="stateIsUnique()[pri:0, instance:ApiAutomation@21b2e768]" started-at="2022-07-18T10:43:23 CDT" name="stateIsUnique" finished-at="2022-07-18T10:43:26 CDT" duration-ms="3441" status="PASS">
          <reporter-output>
          </reporter-output>
        </test-method> <!-- stateIsUnique -->
        <test-method signature="yearIsSame()[pri:0, instance:ApiAutomation@21b2e768]" started-at="2022-07-18T10:43:26 CDT" name="yearIsSame" finished-at="2022-07-18T10:43:26 CDT" duration-ms="166" status="PASS">
          <reporter-output>
          </reporter-output>
        </test-method> <!-- yearIsSame -->
      </class> <!-- ApiAutomation -->
    </test> <!-- Default test -->
  </suite> <!-- Default suite -->
</testng-results>
